[     810ms] [LOG] %c
▲

__  __                                     _            __
\ \/ /___  __  __   _________ _____       (_)_  _______/ /_
 \  / __ \/ / / /  / ___/ __ `/ __ \     / / / / / ___/ __/
 / / /_/ / /_/ /  / /__/ /_/ / / / /    / / /_/ (__  ) /_
/_/\____/\__,_/   \___/\__,_/_/ /_/  __/ /\__,_/____/\__/
         __    _          __  __    /___/
   _____/ /_  (_)___     / /_/ /_  (_)___  ____ ______
  / ___/ __ \/ / __ \   / __/ __ \/ / __ \/ __ `/ ___/
 (__  ) / / / / /_/ /  / /_/ / / / / / / / /_/ (__  )
/____/_/ /_/_/ .___/   \__/_/ /_/_/_/ /_/\__, /____/
            /_/                         /____/
  

Hello!

- Open Source https://vercel.com/oss
- Careers https://vercel.com/careers
- Status https://vercel-status.com

 font-family: "Geist Mono", monospace; white-space: pre; line-height: 1; @ https://vercel.com/_next/static/chunks/1x0w9zci1qccw.js?dpl=dpl_6cxERG6JzDYjGfY7YwhupgD516dU:72
[     990ms] [WARNING] iso_swr: SSR fetch failed for "/v1/dashboard/projects/finance-ai-tracker?teamId=mohankasinathan06-4996s-projects" {error: iso_swr_fetch_error, message: The request is missing an authentication token} @ https://vercel.com/mohankasinathan06-4996s-projects/finance-ai-tracker:612
[     990ms] [WARNING] iso_swr: SSR fetch failed for "/api/v8/projects?includePermissions=false&latestDeployments=0&limit=10&search=&slug=mohankasinathan06-4996s-projects" {error: iso_swr_fetch_error, message: The request is missing an authentication token} @ https://vercel.com/mohankasinathan06-4996s-projects/finance-ai-tracker:612
[     990ms] [WARNING] iso_swr: SSR fetch failed for "/api/v2/teams/mohankasinathan06-4996s-projects" {error: iso_swr_fetch_error, message: The request is missing an authentication token} @ https://vercel.com/mohankasinathan06-4996s-projects/finance-ai-tracker:612
[    1044ms] [WARNING] iso_swr: SSR fetch failed for "/api/v6/deployments?limit=10&projectId=finance-ai-tracker&rollbackCandidate=true&teamId=mohankasinathan06-4996s-projects" {error: iso_swr_fetch_error, message: The request is missing an authentication token} @ https://vercel.com/mohankasinathan06-4996s-projects/finance-ai-tracker:691
[    1267ms] [WARNING] iso_swr: SSR fetch failed for "/api/v9/projects/finance-ai-tracker?activeBranches=1&latestDeployments=1&rollbackInfo=true&teamId=mohankasinathan06-4996s-projects" {error: iso_swr_fetch_error, message: The request is missing an authentication token} @ https://vercel.com/mohankasinathan06-4996s-projects/finance-ai-tracker:781
[    1267ms] [WARNING] iso_swr: SSR fetch failed for "/dashboard/projects/finance-ai-tracker/production-checklist?teamId=mohankasinathan06-4996s-projects" {error: iso_swr_fetch_error, message: The request is missing an authentication token} @ https://vercel.com/mohankasinathan06-4996s-projects/finance-ai-tracker:781
[    1267ms] [WARNING] iso_swr: SSR fetch failed for "/api/v6/deployments?limit=10&projectId=finance-ai-tracker&state=INITIALIZING%2CREADY%2CERROR%2CBUILDING%2CQUEUED&target=preview&teamId=mohankasinathan06-4996s-projects" {error: iso_swr_fetch_error, message: The request is missing an authentication token} @ https://vercel.com/mohankasinathan06-4996s-projects/finance-ai-tracker:781
[    1663ms] [WARNING] iso_swr[warn] [client] fallback error for key: "/api/v2/teams/mohankasinathan06-4996s-projects" {error: iso_swr_fetch_error, message: The request is missing an authentication token} @ https://vercel.com/_next/static/chunks/1fugu9j0084za.js?dpl=dpl_6cxERG6JzDYjGfY7YwhupgD516dU:2
[    1932ms] [WARNING] iso_swr[warn] [client] fallback error for key: "/v1/dashboard/projects/finance-ai-tracker?teamId=mohankasinathan06-4996s-projects" {error: iso_swr_fetch_error, message: The request is missing an authentication token} @ https://vercel.com/_next/static/chunks/1fugu9j0084za.js?dpl=dpl_6cxERG6JzDYjGfY7YwhupgD516dU:2
[    2334ms] [ERROR] Failed to load resource: the server responded with a status of 403 () @ https://vercel.com/api/v1/dashboard/projects/finance-ai-tracker?teamId=mohankasinathan06-4996s-projects:0
[    2335ms] [ERROR] Failed to load resource: the server responded with a status of 403 () @ https://vercel.com/api/jwt:0
[    2335ms] [ERROR] Failed to load resource: the server responded with a status of 403 () @ https://vercel.com/api/v1/notifications/push:0
[    2341ms] [ERROR] Failed to load resource: the server responded with a status of 403 () @ https://vercel.com/api/dashboard/projects/finance-ai-tracker/activity?teamId=mohankasinathan06-4996s-projects:0
[    2480ms] [LOG] Ignored request error TypeError: A network error has occurred. Please check your connection and try again.
    at b (https://vercel.com/_next/static/chunks/1sc6d2824f4bx.js?dpl=dpl_6cxERG6JzDYjGfY7YwhupgD516dU:2:18887)
    at async revalidateIfStale (https://vercel.com/_next/static/chunks/1jku3a4v9lvxq.js?dpl=dpl_6cxERG6JzDYjGfY7YwhupgD516dU:3:80819)
    at async https://vercel.com/_next/static/chunks/01sh09z9a8vik.js?dpl=dpl_6cxERG6JzDYjGfY7YwhupgD516dU:2:11862 @ https://vercel.com/_next/static/chunks/08lgws8c0fou6.js?dpl=dpl_6cxERG6JzDYjGfY7YwhupgD516dU:4
[    2654ms] [LOG] %c
▲

  ________            ___    ____   ________                __
 /_  __/ /_  ___     /   |  /  _/  / ____/ /___  __  ______/ /
  / / / __ \/ _ \   / /| |  / /   / /   / / __ \/ / / / __  /
 / / / / / /  __/  / ___ |_/ /   / /___/ / /_/ / /_/ / /_/ /
/_/ /_/ /_/\___/  /_/  |_/___/   \____/_/\____/\__,_/\__,_/
  

Hello!

- Open Source https://vercel.com/oss
- Careers https://vercel.com/careers
- Status https://vercel-status.com

 font-family: "Geist Mono", monospace; white-space: pre; line-height: 1; @ https://vercel.com/_next/static/chunks/1x0w9zci1qccw.js?dpl=dpl_6cxERG6JzDYjGfY7YwhupgD516dU:72
[    3484ms] [WARNING] [GSI_LOGGER]: Your client application uses one of the Google One Tap prompt UI status methods that may stop functioning when FedCM becomes mandatory. Refer to the migration guide to update your code accordingly and opt-in to FedCM to test your changes. Learn more: https://developers.google.com/identity/gsi/web/guides/fedcm-migration?s=dc#display_moment and https://developers.google.com/identity/gsi/web/guides/fedcm-migration?s=dc#skipped_moment @ https://accounts.google.com/gsi/client:84
[    3494ms] [ERROR] Not signed in with the identity provider. @ https://vercel.com/login?next=%2Fmohankasinathan06-4996s-projects%2Ffinance-ai-tracker:0
[    3538ms] [WARNING] Deprecated API for given entry type. @ https://vercel.com/_next/static/chunks/2n9nlhmr3hfkh.js?dpl=dpl_6cxERG6JzDYjGfY7YwhupgD516dU:18
[    3553ms] [ERROR] Failed to load resource: the server responded with a status of 403 () @ https://vercel.com/api/jwt:0
[    6807ms] [WARNING] The resource https://vercel.com/_next/static/chunks/0z96y47c1c1g0.css?dpl=dpl_6cxERG6JzDYjGfY7YwhupgD516dU was preloaded using link preload but not used within a few seconds from the window's load event. Please make sure it has an appropriate `as` value and it is preloaded intentionally. @ https://vercel.com/login?next=%2Fmohankasinathan06-4996s-projects%2Ffinance-ai-tracker:0
[    6807ms] [WARNING] The resource https://vercel.com/_next/static/media/stripe-light.2l_1jctpe6k_4.svg?dpl=dpl_6cxERG6JzDYjGfY7YwhupgD516dU was preloaded using link preload but not used within a few seconds from the window's load event. Please make sure it has an appropriate `as` value and it is preloaded intentionally. @ https://vercel.com/login?next=%2Fmohankasinathan06-4996s-projects%2Ffinance-ai-tracker:0
[    6807ms] [WARNING] The resource https://vercel.com/_next/static/chunks/1zu4it92_-znk.css?dpl=dpl_6cxERG6JzDYjGfY7YwhupgD516dU was preloaded using link preload but not used within a few seconds from the window's load event. Please make sure it has an appropriate `as` value and it is preloaded intentionally. @ https://vercel.com/login?next=%2Fmohankasinathan06-4996s-projects%2Ffinance-ai-tracker:0
[    6807ms] [WARNING] The resource https://vercel.com/_next/static/media/ebay-dark.34mho2a18qqlt.svg?dpl=dpl_6cxERG6JzDYjGfY7YwhupgD516dU was preloaded using link preload but not used within a few seconds from the window's load event. Please make sure it has an appropriate `as` value and it is preloaded intentionally. @ https://vercel.com/login?next=%2Fmohankasinathan06-4996s-projects%2Ffinance-ai-tracker:0
[    6808ms] [WARNING] The resource https://vercel.com/_next/static/media/stripe-dark.16ozjth2vgb_3.svg?dpl=dpl_6cxERG6JzDYjGfY7YwhupgD516dU was preloaded using link preload but not used within a few seconds from the window's load event. Please make sure it has an appropriate `as` value and it is preloaded intentionally. @ https://vercel.com/login?next=%2Fmohankasinathan06-4996s-projects%2Ffinance-ai-tracker:0
[    6808ms] [WARNING] The resource https://vercel.com/_next/static/chunks/1r_md_pa5drig.css?dpl=dpl_6cxERG6JzDYjGfY7YwhupgD516dU was preloaded using link preload but not used within a few seconds from the window's load event. Please make sure it has an appropriate `as` value and it is preloaded intentionally. @ https://vercel.com/login?next=%2Fmohankasinathan06-4996s-projects%2Ffinance-ai-tracker:0
[    6808ms] [WARNING] The resource https://vercel.com/_next/static/media/adobe-light.406_7oryl71va.svg?dpl=dpl_6cxERG6JzDYjGfY7YwhupgD516dU was preloaded using link preload but not used within a few seconds from the window's load event. Please make sure it has an appropriate `as` value and it is preloaded intentionally. @ https://vercel.com/login?next=%2Fmohankasinathan06-4996s-projects%2Ffinance-ai-tracker:0
[    6808ms] [WARNING] The resource https://vercel.com/_next/static/media/ebay-light.3ft_ki8203ov0.svg?dpl=dpl_6cxERG6JzDYjGfY7YwhupgD516dU was preloaded using link preload but not used within a few seconds from the window's load event. Please make sure it has an appropriate `as` value and it is preloaded intentionally. @ https://vercel.com/login?next=%2Fmohankasinathan06-4996s-projects%2Ffinance-ai-tracker:0
[   11678ms] [ERROR] [GSI_LOGGER]: FedCM get() rejects with NetworkError: Error retrieving a token. @ https://vercel.com/_next/static/chunks/1fugu9j0084za.js?dpl=dpl_6cxERG6JzDYjGfY7YwhupgD516dU:2
[   11748ms] [ERROR] Failed to load resource: the server responded with a status of 429 () @ https://o205439.ingest.sentry.io/api/1323670/envelope/?sentry_key=d00780d432ac4ccf882f60dd02062e14&sentry_version=7&sentry_client=sentry.javascript.browser%2F7.111.0:0
[   14818ms] [WARNING] The resource https://vercel.com/_next/static/chunks/0z96y47c1c1g0.css?dpl=dpl_6cxERG6JzDYjGfY7YwhupgD516dU was preloaded using link preload but not used within a few seconds from the window's load event. Please make sure it has an appropriate `as` value and it is preloaded intentionally. @ https://vercel.com/login?next=%2Fmohankasinathan06-4996s-projects%2Ffinance-ai-tracker:0
[   14818ms] [WARNING] The resource https://vercel.com/_next/static/media/stripe-light.2l_1jctpe6k_4.svg?dpl=dpl_6cxERG6JzDYjGfY7YwhupgD516dU was preloaded using link preload but not used within a few seconds from the window's load event. Please make sure it has an appropriate `as` value and it is preloaded intentionally. @ https://vercel.com/login?next=%2Fmohankasinathan06-4996s-projects%2Ffinance-ai-tracker:0
[   14818ms] [WARNING] The resource https://vercel.com/_next/static/chunks/1zu4it92_-znk.css?dpl=dpl_6cxERG6JzDYjGfY7YwhupgD516dU was preloaded using link preload but not used within a few seconds from the window's load event. Please make sure it has an appropriate `as` value and it is preloaded intentionally. @ https://vercel.com/login?next=%2Fmohankasinathan06-4996s-projects%2Ffinance-ai-tracker:0
[   14818ms] [WARNING] The resource https://vercel.com/_next/static/media/ebay-dark.34mho2a18qqlt.svg?dpl=dpl_6cxERG6JzDYjGfY7YwhupgD516dU was preloaded using link preload but not used within a few seconds from the window's load event. Please make sure it has an appropriate `as` value and it is preloaded intentionally. @ https://vercel.com/login?next=%2Fmohankasinathan06-4996s-projects%2Ffinance-ai-tracker:0
[   14818ms] [WARNING] The resource https://vercel.com/_next/static/media/stripe-dark.16ozjth2vgb_3.svg?dpl=dpl_6cxERG6JzDYjGfY7YwhupgD516dU was preloaded using link preload but not used within a few seconds from the window's load event. Please make sure it has an appropriate `as` value and it is preloaded intentionally. @ https://vercel.com/login?next=%2Fmohankasinathan06-4996s-projects%2Ffinance-ai-tracker:0
[   14818ms] [WARNING] The resource https://vercel.com/_next/static/chunks/1r_md_pa5drig.css?dpl=dpl_6cxERG6JzDYjGfY7YwhupgD516dU was preloaded using link preload but not used within a few seconds from the window's load event. Please make sure it has an appropriate `as` value and it is preloaded intentionally. @ https://vercel.com/login?next=%2Fmohankasinathan06-4996s-projects%2Ffinance-ai-tracker:0
[   14818ms] [WARNING] The resource https://vercel.com/_next/static/media/adobe-light.406_7oryl71va.svg?dpl=dpl_6cxERG6JzDYjGfY7YwhupgD516dU was preloaded using link preload but not used within a few seconds from the window's load event. Please make sure it has an appropriate `as` value and it is preloaded intentionally. @ https://vercel.com/login?next=%2Fmohankasinathan06-4996s-projects%2Ffinance-ai-tracker:0
[   14818ms] [WARNING] The resource https://vercel.com/_next/static/media/ebay-light.3ft_ki8203ov0.svg?dpl=dpl_6cxERG6JzDYjGfY7YwhupgD516dU was preloaded using link preload but not used within a few seconds from the window's load event. Please make sure it has an appropriate `as` value and it is preloaded intentionally. @ https://vercel.com/login?next=%2Fmohankasinathan06-4996s-projects%2Ffinance-ai-tracker:0
[   18443ms] [WARNING] The resource https://vercel.com/_next/static/chunks/0z96y47c1c1g0.css?dpl=dpl_6cxERG6JzDYjGfY7YwhupgD516dU was preloaded using link preload but not used within a few seconds from the window's load event. Please make sure it has an appropriate `as` value and it is preloaded intentionally. @ https://vercel.com/login?next=%2Fmohankasinathan06-4996s-projects%2Ffinance-ai-tracker:0
[   18443ms] [WARNING] The resource https://vercel.com/_next/static/media/stripe-light.2l_1jctpe6k_4.svg?dpl=dpl_6cxERG6JzDYjGfY7YwhupgD516dU was preloaded using link preload but not used within a few seconds from the window's load event. Please make sure it has an appropriate `as` value and it is preloaded intentionally. @ https://vercel.com/login?next=%2Fmohankasinathan06-4996s-projects%2Ffinance-ai-tracker:0
[   18443ms] [WARNING] The resource https://vercel.com/_next/static/chunks/1zu4it92_-znk.css?dpl=dpl_6cxERG6JzDYjGfY7YwhupgD516dU was preloaded using link preload but not used within a few seconds from the window's load event. Please make sure it has an appropriate `as` value and it is preloaded intentionally. @ https://vercel.com/login?next=%2Fmohankasinathan06-4996s-projects%2Ffinance-ai-tracker:0
[   18443ms] [WARNING] The resource https://vercel.com/_next/static/media/ebay-dark.34mho2a18qqlt.svg?dpl=dpl_6cxERG6JzDYjGfY7YwhupgD516dU was preloaded using link preload but not used within a few seconds from the window's load event. Please make sure it has an appropriate `as` value and it is preloaded intentionally. @ https://vercel.com/login?next=%2Fmohankasinathan06-4996s-projects%2Ffinance-ai-tracker:0
[   18443ms] [WARNING] The resource https://vercel.com/_next/static/media/stripe-dark.16ozjth2vgb_3.svg?dpl=dpl_6cxERG6JzDYjGfY7YwhupgD516dU was preloaded using link preload but not used within a few seconds from the window's load event. Please make sure it has an appropriate `as` value and it is preloaded intentionally. @ https://vercel.com/login?next=%2Fmohankasinathan06-4996s-projects%2Ffinance-ai-tracker:0
[   18443ms] [WARNING] The resource https://vercel.com/_next/static/chunks/1r_md_pa5drig.css?dpl=dpl_6cxERG6JzDYjGfY7YwhupgD516dU was preloaded using link preload but not used within a few seconds from the window's load event. Please make sure it has an appropriate `as` value and it is preloaded intentionally. @ https://vercel.com/login?next=%2Fmohankasinathan06-4996s-projects%2Ffinance-ai-tracker:0
[   18443ms] [WARNING] The resource https://vercel.com/_next/static/media/adobe-light.406_7oryl71va.svg?dpl=dpl_6cxERG6JzDYjGfY7YwhupgD516dU was preloaded using link preload but not used within a few seconds from the window's load event. Please make sure it has an appropriate `as` value and it is preloaded intentionally. @ https://vercel.com/login?next=%2Fmohankasinathan06-4996s-projects%2Ffinance-ai-tracker:0
[   18443ms] [WARNING] The resource https://vercel.com/_next/static/media/ebay-light.3ft_ki8203ov0.svg?dpl=dpl_6cxERG6JzDYjGfY7YwhupgD516dU was preloaded using link preload but not used within a few seconds from the window's load event. Please make sure it has an appropriate `as` value and it is preloaded intentionally. @ https://vercel.com/login?next=%2Fmohankasinathan06-4996s-projects%2Ffinance-ai-tracker:0
[  186062ms] [VERBOSE] [DOM] Password field is not contained in a form: (More info: https://goo.gl/9p2vKq) %o @ https://accounts.google.com/v3/signin/identifier?opparams=%253F&dsh=S20755067%3A1775837120953806&client_id=258013614557-nema0dumfbottebi6to7aqi85qot9pvs.apps.googleusercontent.com&o2v=2&redirect_uri=https%3A%2F%2Fvercel.com%2Fapi%2Fregistration%2Fgoogle%2Fcallback&response_type=code&scope=openid+profile+email&service=lso&state=0f7d6653e9bf2c5fd7b4fef88c2b94c2e1d493218f10142c38006c25230249a447184df6128bae57885b2a640b818b8e124cedc0713650598298b8e9a33302f735c412aa516d65b05e9ddc82993dfe93fc68e6519b1d5280fbdbfa314b47ae290bdac76a28f5eddc05d1916f0c5c3644f0f6604461a79bc15c9e12acd7646e31682cae4711c91511dd9413faed565bb4f90a3813165f68c25bdcb73ca8aa2dc11072e4c96995ca60438da08aaa4d0dcd76f20e6d3c8b5462c7a880a88246b75dbac52a8f393da42a105b6fe2be21ed7448d5a100fe93b2203993eb4142911753f4f36adf046197d8cd6bf17829d63547b73ce75ae71ae2c293c7154998c24bd3e2d9b5e5467879612e79e66b5f6d928b8a816e723d61bba2f2ec550eff25e1e556609436399d35dc4971c48c5fd50b920ae1ff5aa8c557a3d6fd246de88cbc52ca82a01ea7e7988814de668fdc395a17c2f2c9e6720a265bcd89b9b289168da636fb906d30cd496f262922782a066849ad73794bf0371c508653e22ebee3249d56bed09a91c7bc25a888d5d74cfc4ab9f463026dfc9b1a9c6e5e7c064e62915fa53f31d382385a4d06714772f787ee55248ce280f04da5c7c31ee958cc48b18fa31fbb28138e6931ae8461e1c8f389cf5bdb8dc863f8aab3f3446262bb546c117e80c800&flowName=GeneralOAuthFlow&continue=https%3A%2F%2Faccounts.google.com%2Fsignin%2Foauth%2Fconsent%3Fauthuser%3Dunknown%26part%3DAJi8hAOqCOr-SQIaHQmVFV47DQ4WAQayZjiZJmGRWzXicvw1npHwNX3Wxef7Rx6vXyEka7Fj8o362eBfADEvSHLegHk4vEqZK_46zznqf-ajr3WwgEY_iZ7mYz6JGhnGD5rQv5_UQfXk68R3SdHTNvC6e_EyR1M09iR256c-_2zxUjWcMt7ZfsNvlUVrjOXkqdLjDsDRkQKrXWAvlo1vV7lRZh0WRaU-f7QaimW6OUnrOyerVeLkyDJ7bHYCY6KWs1hdejHaO9kQUUelMxOyFgo_i-A-cUzAY-70C_wVcCLKfOR5y6XoJXOpWQNBb6aJ_AIOOnTmwW940bPnYslBC8YhHZ-PLWlmdYDRLpdv6KmFAqiMCzKSMrGihgO7GzvkdMg9arJaXa8UsPYXLb4vN9OR3mMAPzJxyECV86pp4PUibbHGB8ldKizPj8g2uY0p854WiN3SrJKsixxZuogwF6Y46ecSdnpEiA%26flowName%3DGeneralOAuthFlow%26as%3DS20755067%253A1775837120953806%26client_id%3D258013614557-nema0dumfbottebi6to7aqi85qot9pvs.apps.googleusercontent.com%26requestPath%3D%252Fsignin%252Foauth%252Fconsent%23&app_domain=https%3A%2F%2Fvercel.com&rart=ANgoxcd99zbSceJ8FO0Y5JoQR9Eo4MhS6k3hFqyEcTXYW3ufWubijy6L5R9xITmz-_wusejYfmK75bKJZdEMpExF9pLgL0XNAurAmXreAdCnAHYQDIFqA9M:0
[  186071ms] [LOG] %c%s color: red; background: yellow; font-size: 24px; WARNING! @ https://www.gstatic.com/_/mss/boq-identity/_/js/k=boq-identity.AccountsSignInUi.en_US.llpEXSAT6Ik.es5.O/am=Kf8GAABCEUgGwP__HzIAIACCaOB6FoAmEBkAAAAAAAAAALBCAAAaAQ/d=1/excm=_b,_tp,identifierview/ed=1/dg=0/wt=2/ujg=1/rs=AOaEmlGwd16Z56q10PL7BHGe8iySZmaNug/dti=1/m=_b,_tp:468
[  186071ms] [LOG] %c%s font-size: 18px; Using this console may allow attackers to impersonate you and steal your information using an attack called Self-XSS.
Do not enter or paste code that you do not understand. @ https://www.gstatic.com/_/mss/boq-identity/_/js/k=boq-identity.AccountsSignInUi.en_US.llpEXSAT6Ik.es5.O/am=Kf8GAABCEUgGwP__HzIAIACCaOB6FoAmEBkAAAAAAAAAALBCAAAaAQ/d=1/excm=_b,_tp,identifierview/ed=1/dg=0/wt=2/ujg=1/rs=AOaEmlGwd16Z56q10PL7BHGe8iySZmaNug/dti=1/m=_b,_tp:468
